MERGE~THSECUR~1~DETAIL~N~Y~Y~N~N~N~Y~N~Y~Y~Y~Z~1ZTHP~N~ ~DEFAULT~TE PART FOR THORPE SECURE~NOT_AVAILABLE~DETAIL~SECURE~100~N~ZZ    ~Y
KITTING~0A90099~1~DETAIL~N~N~Y~N~Y~N~N~N~Y~Y~ ~ ~     ~ ~ ~MECH~BATTERY RTC Battery~~DETAIL~ADD~100~N~      ~ 
MEDB-NB~0B63221~1~DETAIL~N~N~Y~N~N~N~N~N~Y~Y~ ~ ~     ~ ~ ~DT-BLANK~OA3 Flag    Win8 Pro downgarde F~LIPC~DETAIL~ADD~100~N~      ~ 
KITTING~0B93221~1~DETAIL~N~N~Y~N~N~N~N~N~Y~Y~ ~ ~     ~ ~ ~LBL BLANK~LABEL   Lenovo Asset Tag(Blank L~LIPC~DETAIL~ADD~100~N~      ~ 
KITTING~0B98423~1~DETAIL~N~N~Y~N~N~N~N~N~Y~Y~ ~ ~     ~ ~ ~NB-GBM~OA3 Flag    Identifies need for ~~DETAIL~ADD~100~N~      ~ 
KITTING~0C49307~1~DETAIL~N~N~Y~N~N~N~N~N~Y~Y~ ~ ~     ~ ~ ~L1 OTHERS~L1 CD       NoOpDrivewDolbyDCPRo~LIPC~DETAIL~ADD~100~N~      ~ 
PKG~0C62794~1~DETAIL~N~N~Y~N~N~N~Y~N~Y~Y~ ~ ~     ~ ~ ~NB-LBL PKG~LABEL EMEA CartonLbl IT7260 2X2A~LIPC~DETAIL~ADD~100~N~      ~ 
KITTING~0C66099~1~DETAIL~N~N~Y~N~N~N~N~N~Y~Y~ ~ ~     ~ ~ ~NB-L1 OTHERS~L1 COPT MTM S/N Label - 2 pcs~LIPC~DETAIL~ADD~100~N~      ~ 
MERGE~45N0416~1~DETAIL~N~N~Y~N~Y~N~Y~N~Y~Y~ ~ ~     ~ ~ ~DT-CPK~LINECORD IT,1M,3P,NON-LH,LUX~~DETAIL~ADD~100~N~      ~ 
MERGE~SA10E75791~1~DETAIL~N~Y~Y~N~Y~N~Y~N~Y~Y~Y~P~L1CZ ~N~ ~POWER SUPPLY~AC_ADAPTER Liteon DOE 45W 3pin~*~DETAIL~ADD~100~Y~*     ~Y
KITTING~SA30E50331~1~DETAIL~N~N~Y~N~N~N~N~N~Y~Y~ ~ ~     ~ ~ ~NB-LCD OTHERS~ANTENNA Antenna WWAN + WLAN Main~LIPC~DETAIL~ADD~100~N~      ~ 
KITTING~SA30E50332~1~DETAIL~N~N~Y~N~N~N~N~N~Y~Y~ ~ ~     ~ ~ ~NB-LCD OTHERS~ANTENNA Antenna WWAN + WLAN Aux ~LIPC~DETAIL~ADD~100~N~      ~ 
KITTING~SB10F46460~1~DETAIL~N~Y~Y~N~Y~N~Y~N~Y~Y~Y~P~P1SG ~N~ ~BATTERY~BATTERY Thorpe-F 3cell/ 24Wh~NOT_AVAILABLE~DETAIL~ADD~100~Y~ZZ    ~Y
KITTING~SB10F46460~1~DETAIL~N~Y~Y~N~Y~N~Y~N~Y~Y~Y~P~P2SG ~N~ ~BATTERY~BATTERY Thorpe-F 3cell/ 24Wh~NOT_AVAILABLE~DETAIL~ADD~100~Y~ZZ    ~Y
KITTING~SB10F46460~1~DETAIL~N~Y~Y~N~Y~N~Y~N~Y~Y~Y~P~P3SG ~N~ ~BATTERY~BATTERY Thorpe-F 3cell/ 24Wh~NOT_AVAILABLE~DETAIL~ADD~100~Y~ZZ    ~Y
KITTING~SB10F46460~1~DETAIL~N~Y~Y~N~Y~N~Y~N~Y~Y~Y~P~P4SG ~N~ ~BATTERY~BATTERY Thorpe-F 3cell/ 24Wh~NOT_AVAILABLE~DETAIL~ADD~100~Y~ZZ    ~Y
KITTING~SB10J79003~1~DETAIL~N~Y~Y~N~Y~N~Y~N~Y~Y~Y~P~X1XP ~N~ ~BATTERY~BATTERY Thorpe-R HED-Integ 3c/26~NOT_AVAILABLE~DETAIL~ADD~100~Y~ZZ    ~Y
KITTING~SB10J79003~1~DETAIL~N~Y~Y~N~Y~N~Y~N~Y~Y~Y~P~P1SG ~N~ ~BATTERY~BATTERY Thorpe-R HED-Integ 3c/26~NOT_AVAILABLE~DETAIL~ADD~100~Y~ZZ    ~Y
KITTING~SB10J79003~1~DETAIL~N~Y~Y~N~Y~N~Y~N~Y~Y~Y~P~X2XP ~N~ ~BATTERY~BATTERY Thorpe-R HED-Integ 3c/26~NOT_AVAILABLE~DETAIL~ADD~100~Y~ZZ    ~Y
KITTING~SB10J79003~1~DETAIL~N~Y~Y~N~Y~N~Y~N~Y~Y~Y~P~P1SG ~N~ ~BATTERY~BATTERY Thorpe-R HED-Integ 3c/26~NOT_AVAILABLE~DETAIL~ADD~100~Y~ZZ    ~Y
KITTING~SB10J79003~1~DETAIL~N~Y~Y~N~Y~N~Y~N~Y~Y~Y~P~P2SG ~N~ ~BATTERY~BATTERY Thorpe-R HED-Integ 3c/26~NOT_AVAILABLE~DETAIL~ADD~100~Y~ZZ    ~Y
KITTING~SB10J79003~1~DETAIL~N~Y~Y~N~Y~N~Y~N~Y~Y~Y~P~P3SG ~N~ ~BATTERY~BATTERY Thorpe-R HED-Integ 3c/26~NOT_AVAILABLE~DETAIL~ADD~100~Y~ZZ    ~Y
KITTING~SB10J79003~1~DETAIL~N~Y~Y~N~Y~N~Y~N~Y~Y~Y~P~P4SG ~N~ ~BATTERY~BATTERY Thorpe-R HED-Integ 3c/26~NOT_AVAILABLE~DETAIL~ADD~100~Y~ZZ    ~Y
KITTING~SB20K64444~1~DETAIL~N~Y~Y~N~Y~N~Y~N~Y~Y~Y~P~L1HF ~N~ ~PLANAR~BDPLANAR UMA,i7-6600U,4G,w/o RTC~*~DETAIL~ADD~100~Y~*     ~Y
KITTING~SB40E50255~1~DETAIL~N~N~Y~N~N~N~N~N~Y~Y~ ~ ~     ~ ~ ~MECH~BRACKET Bracket DC-in / Jieer~~DETAIL~ADD~100~N~      ~ 
KITTING~SB40E50257~1~DETAIL~N~N~Y~N~N~N~N~N~Y~Y~ ~ ~     ~ ~ ~MECH~BRACKET Bracket FPR / Jieer~~DETAIL~ADD~100~N~      ~ 
KITTING~SBB0A04746~1~DETAIL~N~N~Y~N~N~N~N~N~Y~Y~ ~ ~     ~ ~ ~NB-L1 CA~L1 CA Intel 8260(2x2 AC)+Bt4.1 v~LIPC~DETAIL~ADD~100~N~      ~ 
KITTING~SBB0A04877~1~DETAIL~N~N~Y~N~N~N~N~N~Y~Y~ ~ ~     ~ ~ ~NB-L1 OTHERS~L1 COPT EMEACtnLbl It82602x2AC B~LIPC~DETAIL~ADD~100~N~      ~ 
KITTING~SBB0A05316~1~DETAIL~N~N~Y~N~N~N~N~N~Y~Y~ ~ ~     ~ ~ ~L1 RDVD~L1 RDVD Coupon for Win10Pro64 RM~LIPC~DETAIL~ADD~100~N~      ~ 
KITTING~SBB0A05371~1~DETAIL~N~N~Y~N~N~N~N~N~Y~Y~ ~ ~     ~ ~ ~L1 OTHERS~L1 COPT Windows Pro GML TBG~LIPC~DETAIL~ADD~100~N~      ~ 
KITTING~SBB0A05709~1~DETAIL~N~N~Y~N~N~N~N~N~Y~Y~ ~ ~     ~ ~ ~NB-L1 OTHERS~L1 LBL Intel SKL Ultrabook label~LIPC~DETAIL~ADD~100~N~      ~ 
KITTING~SBB0E24061~1~DETAIL~N~N~Y~N~N~N~N~N~Y~Y~ ~ ~     ~ ~ ~L1 OSL~L1 OSL SB W10P DG W7P64-WE ML~LIPC~DETAIL~ADD~100~N~      ~ 
KITTING~SBB0F57309~1~DETAIL~N~N~Y~N~N~N~N~N~Y~Y~ ~ ~     ~ ~ ~NB-L1 OTHERS~L1 MI Hardware Security Chip Ena~LIPC~DETAIL~ADD~100~N~      ~ 
KITTING~SBB0F58016~1~DETAIL~N~N~Y~N~N~N~N~N~Y~Y~ ~ ~     ~ ~ ~NB-L1 OTHERS~L1 COPT IntLbl(6thIntCorei7vPro)~LIPC~DETAIL~ADD~100~N~      ~ 
KITTING~SBB0F85960~1~ASSETTAG~N~N~Y~N~N~N~Y~N~Y~Y~ ~ ~     ~ ~ ~ASSETTAG~L1 AT_SVC ITC -Essential Asset T~LIPC~DETAIL~ADD~100~N~      ~ 
KITTING~SBB0G80904~1~DETAIL~N~N~Y~N~N~N~N~N~Y~Y~ ~ ~     ~ ~ ~NB-L1 CPK~L1 CPK 45W 3Pin ITA~LIPC~DETAIL~ADD~100~N~      ~ 
KITTING~SBB0J08704~1~DETAIL~N~N~Y~N~N~N~N~N~Y~Y~ ~ ~     ~ ~ ~NB-L1 BASE~L1 BASE IG Intel Core i7-6600U 4~LIPC~DETAIL~ADD~100~N~      ~ 
KITTING~SBB0J08708~1~DETAIL~N~N~Y~N~N~N~N~N~Y~Y~ ~ ~     ~ ~ ~L1 OTHERS~L1 BASE2 Cable_SCR+FPR~LIPC~DETAIL~ADD~100~N~      ~ 
KITTING~SBB0J08709~1~DETAIL~N~N~Y~N~Y~N~Y~N~Y~Y~ ~ ~     ~ ~ ~LCD ASM~L1 DPY 14.0FHD Touch 720pCam Mic~LIPC~DETAIL~ADD~100~N~      ~ 
KITTING~SBB0J08725~1~DETAIL~N~N~Y~N~N~N~N~N~Y~Y~ ~ ~     ~ ~ ~L1 OTHERS~L1 PD Fingerprint Reader~LIPC~DETAIL~ADD~100~N~      ~ 
KITTING~SBB0J08734~1~DETAIL~N~N~Y~N~N~N~N~N~Y~Y~ ~ ~     ~ ~ ~L1 OTHERS~L1 BAT 3 cell 23.5Whr Front~LIPC~DETAIL~ADD~100~N~      ~ 
KITTING~SBB0J08735~1~DETAIL~N~N~Y~N~N~N~N~N~Y~Y~ ~ ~     ~ ~ ~L1 OTHERS~L1 BAT 3 cell 23.5Whr Rear~LIPC~DETAIL~ADD~100~N~      ~ 
KITTING~SBB0J08739~1~DETAIL~N~N~Y~N~N~N~N~N~Y~Y~ ~ ~     ~ ~ ~L1 OTHERS~L1 SM 8GB DDR4 2133 SODIMM~LIPC~DETAIL~ADD~100~N~      ~ 
KITTING~SBB0J08745~1~DETAIL~N~N~Y~N~N~N~N~N~Y~Y~ ~ ~     ~ ~ ~L1 HD~L1 HD 256GB SSD OPAL2 SATA M.2~LIPC~DETAIL~ADD~100~N~      ~ 
KITTING~SBB0J08750~1~DETAIL~N~N~Y~N~N~N~N~N~Y~Y~ ~ ~     ~ ~ ~L1 OTHERS~L1 SLT No Smart Card Reader~LIPC~DETAIL~ADD~100~N~      ~ 
KITTING~SBB0J08806~1~DETAIL~N~N~Y~N~N~N~N~N~Y~Y~ ~ ~     ~ ~ ~L1 KYB~L1 KYB Backlit KYB ITA~LIPC~DETAIL~ADD~100~N~      ~ 
KITTING~SBB0J08846~1~DETAIL~N~N~Y~N~N~N~N~N~Y~Y~ ~ ~     ~ ~ ~L1 LPK~L1 LPK PUB WE ML~LIPC~DETAIL~ADD~100~N~      ~ 
KITTING~SBB0J08861~1~DETAIL~N~N~Y~N~N~N~N~N~Y~Y~ ~ ~     ~ ~ ~L1 OTHERS~L1 PKG Packaging~LIPC~DETAIL~ADD~100~N~      ~ 
KITTING~SBB0J08895~1~DETAIL~N~N~Y~N~N~N~N~N~Y~Y~ ~ ~     ~ ~ ~NB-L1 OTHERS~L1 COPT WLAN Misc Parts - 2x2~LIPC~DETAIL~ADD~100~N~      ~ 
KITTING~SBB0J08896~1~DETAIL~N~N~Y~N~N~N~N~N~Y~Y~ ~ ~     ~ ~ ~NB-L1 OTHERS~L1 COPT WWAN Misc Parts - WWAN R~LIPC~DETAIL~ADD~100~N~      ~ 
KITTING~SBB0J08898~1~DETAIL~N~N~Y~N~N~N~N~N~Y~Y~ ~ ~     ~ ~ ~NB-L1 OTHERS~L1 COPT Mech Misc Parts~LIPC~DETAIL~ADD~100~N~      ~ 
KITTING~SBB0J08904~1~DETAIL~N~N~Y~N~N~N~N~N~Y~Y~ ~ ~     ~ ~ ~NB-L1 PLANAR FR~L1 COPT GEO Label EMEA~LIPC~DETAIL~ADD~100~N~      ~ 
KITTING~SBB0J09179~1~DETAIL~N~N~Y~N~N~N~N~N~Y~Y~ ~ ~     ~ ~ ~NB-L1 PLANAR FR~L1 COPT T460s,i7-6600U,4GB~LIPC~DETAIL~ADD~100~N~      ~ 
KITTING~SBB0K08782~1~DETAIL~N~N~Y~N~N~N~N~N~Y~Y~ ~ ~     ~ ~ ~L1 SWAPP~L1 SWR Softex fpr software Royal~LIPC~DETAIL~ADD~100~N~      ~ 
KITTING~SBB0K09389~1~DETAIL~N~N~Y~N~N~N~N~N~Y~Y~ ~ ~     ~ ~ ~NB-L1 OTHERS~L1 COPT EMEA Accessories Flyer~LIPC~DETAIL~ADD~100~N~      ~ 
KITTING~SC10H11229~1~DETAIL~N~N~Y~N~N~N~N~N~Y~Y~ ~ ~     ~ ~ ~NB-CABLE IN KIT~CABLE Cable Power Button Subcard~LIPC~DETAIL~ADD~100~N~      ~ 
KITTING~SC10H45494~1~DETAIL~N~N~Y~N~N~N~N~N~Y~Y~ ~ ~     ~ ~ ~NB-CABLE IN KIT~CABLE Cable FFC SD Audio Subcard~LIPC~DETAIL~ADD~100~N~      ~ 
KITTING~SC10H45520~1~DETAIL~N~N~Y~N~N~N~N~N~Y~Y~ ~ ~     ~ ~ ~NB-CABLE IN KIT~CABLE FPC -ClickPad / HongYuan~LIPC~DETAIL~ADD~100~N~      ~ 
KITTING~SC10K09766~1~DETAIL~N~N~Y~N~N~N~N~N~Y~Y~ ~ ~     ~ ~ ~NB-LCD OTHERS~CABLE Cable LCD Incell / LXSH~LIPC~DETAIL~ADD~100~N~      ~ 
KITTING~SC10K09771~1~DETAIL~N~N~Y~N~N~N~N~N~Y~Y~ ~ ~     ~ ~ ~NB-CABLE IN KIT~CABLE Cable DC-in / Highstar + D~LIPC~DETAIL~ADD~100~N~      ~ 
KITTING~SC10K09780~1~DETAIL~N~N~Y~N~N~N~N~N~Y~Y~ ~ ~     ~ ~ ~NB-CABLE IN KIT~CABLE FPC -FPR-SCR / Amphenol~LIPC~DETAIL~ADD~100~N~      ~ 
KITTING~SC20F26969~1~DETAIL~N~N~Y~N~N~N~N~N~Y~Y~ ~ ~     ~ ~ ~LCD CAMERA~CAMERA CS15 HD Camera ZIF Bison~LIPC~DETAIL~ADD~100~N~      ~ 
KITTING~SC50E37929~1~DETAIL~N~N~Y~N~N~N~N~N~Y~Y~ ~ ~     ~ ~ ~OTHER CARD~CARDPOP Subcard Power Button~LIPC~DETAIL~ADD~100~N~      ~ 
KITTING~SC50E37931~1~DETAIL~N~N~Y~N~N~N~N~N~Y~Y~ ~ ~     ~ ~ ~OTHER CARD~CARDPOP USB Subcard / Foxconn~LIPC~DETAIL~ADD~100~N~      ~ 
KITTING~SC50F54325~1~DETAIL~N~Y~Y~N~Y~N~Y~N~Y~Y~Y~P~J1KS ~N~ ~NB-FINGER~CARDPOP SYN touch FPR-JYT~*~DETAIL~ADD~100~Y~*     ~Y
KITTING~SC50L16474~1~DETAIL~N~N~Y~N~N~N~N~N~Y~Y~ ~ ~     ~ ~ ~OTHER CARD~CARDPOP SD/AudioSubc w/Nokia Alp~LIPC~DETAIL~ADD~100~N~      ~ 
KITTING~SD10K93450~1~DETAIL~N~N~Y~N~N~N~N~N~Y~Y~ ~ ~     ~ ~ ~LCD DUMMY~DISPLAY Dummy SD10K93451 LGD 14 ~LIPC~DETAIL~ADD~100~N~      ~ 
MEDB-NB~SDK0J40697~1~COA~N~N~Y~N~N~N~N~N~Y~Y~ ~ ~     ~ ~ ~COA3~DPK DPK_W10_PRO~LIPC~DETAIL~ADD~100~N~      ~ 
MERGE~SF60H00514~1~DETAIL~N~N~Y~N~N~N~Y~N~Y~Y~ ~ ~     ~ ~ ~NB-FLYER~FLYER EU Class B flyer~LIPC~DETAIL~ADD~100~N~      ~ 
MERGE~SF60J50675~1~DETAIL~N~N~Y~N~N~N~Y~N~Y~Y~ ~ ~     ~ ~ ~SGPART~FLYER Flyer for W10Pro DG W7P WW~LIPC~DETAIL~ADD~100~N~      ~ 
KITTING~SG10M72711~1~DETAIL~N~N~Y~N~N~N~N~N~Y~Y~ ~ ~     ~ ~ ~DT-BLANK~GBM W10 Pro DG DPK WW NP Special~LIPC~DETAIL~ADD~100~N~      ~ 
KITTING~SH40J78406~1~DETAIL~N~Y~Y~N~Y~N~Y~N~Y~Y~Y~P~B1TH ~N~ ~NB-HEAT SINK~HEATSINK Thermal Fan UMA / Tosih~*~DETAIL~ADD~100~Y~*     ~Y
KITTING~SH50E50292~1~DETAIL~N~N~Y~N~N~N~N~N~Y~Y~ ~ ~     ~ ~ ~NB-LCD OTHERS~HINGE Hinge RH / LH~LIPC~DETAIL~ADD~100~N~      ~ 
KITTING~SH50E50294~1~DETAIL~N~N~Y~N~N~N~N~N~Y~Y~ ~ ~     ~ ~ ~NB-LCD OTHERS~HINGE Hinge LH / LH~LIPC~DETAIL~ADD~100~N~      ~ 
KITTING~SL10A15269~2~DETAIL~N~N~Y~N~N~N~N~N~Y~Y~ ~ ~     ~ ~ ~NB-LBL BLANK~LABEL S/N Label 35x7~LIPC~DETAIL~ADD~100~N~      ~ 
KITTING~SL10H22036~1~DETAIL~N~N~Y~N~N~N~N~N~Y~Y~ ~ ~     ~ ~ ~NB-LBL INTEL~WInt_LABEL 6th Intel Label i7 vP~LIPC~DETAIL~ADD~100~N~      ~ 
KITTING~SL10J85874~1~DETAIL~N~N~Y~N~N~N~N~N~Y~Y~ ~ ~     ~ ~ ~NB-LBL MS~LABEL Windows 8.x/10 Pro GMLTBG~LIPC~DETAIL~ADD~100~N~      ~ 
PKG~SL10K13875~1~DETAIL~N~N~Y~N~N~N~N~N~Y~Y~ ~ ~     ~ ~ ~NB-LBL PKG~LABEL MS Win7 pre Win10~LIPC~DETAIL~ADD~100~N~      ~ 
ASM~SL10K24769~1~DETAIL~N~N~Y~N~N~N~Y~N~Y~Y~ ~ ~     ~ ~ ~PLANAR FRU~LABEL WIN,i7-6600U,UMA,vPro,4GB,~~DETAIL~ADD~100~N~      ~ 
KITTING~SL10K24790~1~DETAIL~N~N~Y~N~Y~N~N~N~Y~Y~ ~ ~     ~ ~ ~NB-LBL GEO~LABEL GEO Label EMEA~LIPC~DETAIL~ADD~100~N~      ~ 
KITTING~SL10K39069~1~DETAIL~N~N~Y~N~N~N~N~N~Y~Y~ ~ ~     ~ ~ ~NB-LBL INTEL~Ultra_LABEL Intel SKL Ultrabook ~LIPC~DETAIL~ADD~100~N~      ~ 
KITTING~SM10H22107~1~DETAIL~N~N~Y~N~N~N~N~N~Y~Y~ ~ ~     ~ ~ ~NB-LCD OTHERS~MECH_ASM Front Bezel Cover ASM~LIPC~DETAIL~ADD~100~N~      ~ 
KITTING~SM10J76346~1~DETAIL~N~N~Y~N~N~N~N~N~Y~Y~ ~ ~     ~ ~ ~NB-LCD OTHERS~MECH_ASM Sheet BZL w/ Lens Incel~LIPC~DETAIL~ADD~100~N~      ~ 
KITTING~SM10J76347~1~DETAIL~N~N~Y~N~N~N~N~N~Y~Y~ ~ ~     ~ ~ ~PHANTOM-ASM~MECH_ASM Shell FHD,Touch,Cam,Mic~~DETAIL~ADD~100~N~      ~ 
KITTING~SM10K80784~1~DETAIL~N~N~Y~N~N~N~N~N~Y~Y~ ~ ~     ~ ~ ~MECH~MECH_ASM CS15W_3+2BCP,C-SILK,BL,~~DETAIL~ADD~100~N~      ~ 
KITTING~SM10K80819~1~DETAIL~N~N~Y~N~Y~N~N~N~Y~Y~ ~ ~     ~ ~ ~NB_PALMREST~MECH_ASM KBD Bezel ASM w/ FPR / ~LIPC~DETAIL~ADD~100~N~      ~ 
KITTING~SM10L66684~1~DETAIL~N~N~Y~N~N~N~N~N~Y~Y~ ~ ~     ~ ~ ~PHANTOM-ASM~MECH_ASM PD ASM w/ FPR~~DETAIL~ADD~100~N~      ~ 
KITTING~SM10L66685~1~DETAIL~N~N~Y~N~N~N~N~N~Y~Y~ ~ ~     ~ ~ ~PHANTOM-ASM~MECH_ASM DWG_KBD Bezel ASM w/ FP~~DETAIL~ADD~100~N~      ~ 
KITTING~SM10L66731~1~DETAIL~N~N~Y~N~N~N~N~N~Y~Y~ ~ ~     ~ ~ ~MECH~Mech~~DETAIL~ADD~100~N~      ~ 
KITTING~SM20H45420~1~DETAIL~N~N~Y~N~N~N~N~N~Y~Y~ ~ ~     ~ ~ ~MECH KANBAN~MECHANICAL Insulation sheet,clic~~DETAIL~ADD~100~N~      ~ 
KITTING~SM20H45423~1~DETAIL~N~N~Y~N~N~N~N~N~Y~Y~ ~ ~     ~ ~ ~MECH KANBAN~MECHANICAL Power Button~~DETAIL~ADD~100~N~      ~ 
KITTING~SM20H45424~1~DETAIL~N~N~Y~N~N~N~N~N~Y~Y~ ~ ~     ~ ~ ~MECH KANBAN~MECHANICAL SIM Tray~~DETAIL~ADD~100~N~      ~ 
KITTING~SM20H45425~1~DETAIL~N~N~Y~N~N~N~N~N~Y~Y~ ~ ~     ~ ~ ~NB-MECH~MECHANICAL Dummy Smartcard / CQ~LIPC~DETAIL~ADD~100~N~      ~ 
KITTING~SM20H45463~2~DETAIL~N~N~Y~N~N~N~N~N~Y~Y~ ~ ~     ~ ~ ~NB-MECH~MECHANICAL INSULATION SHT-BAT CO~LIPC~DETAIL~ADD~100~N~      ~ 
KITTING~SM20J76487~1~DETAIL~N~N~Y~N~N~N~N~N~Y~Y~ ~ ~     ~ ~ ~NB-MECH~MECHANICAL Noise Absorber Sheet ~LIPC~DETAIL~ADD~100~N~      ~ 
KITTING~SM30E51241~1~DETAIL~N~Y~Y~N~Y~N~Y~N~Y~Y~Y~P~M2PC ~N~ ~MEMORY~MEMORY 8GB DDR4 SD MTA16ATF1G64H~NOT_AVAILABLE~DETAIL~ADD~100~Y~ZZ    ~Y
KITTING~SN20H42463~1~DETAIL~N~Y~Y~N~Y~N~Y~N~Y~Y~Y~P~D1SG ~N~ ~KEYBOARD~NB_KYB TH-KBD,IT,DFN,BL~*~DETAIL~ADD~100~Y~*     ~Y
MERGE~SP40J65198~1~DETAIL~N~N~Y~N~N~N~Y~N~Y~Y~ ~ ~     ~ ~ ~NB-FLYER~PUBS Flyer EMEA~LIPC~DETAIL~ADD~100~N~      ~ 
MERGE~SP40K04829~1~DETAIL~N~N~Y~N~N~N~Y~N~Y~Y~ ~ ~     ~ ~ ~SGPART~PUBS SWSG EN~LIPC~DETAIL~ADD~100~N~      ~ 
MERGE~SP40K04832~1~DETAIL~N~N~Y~N~N~N~Y~N~Y~Y~ ~ ~     ~ ~ ~SGPART~PUBS SWSG FR~LIPC~DETAIL~ADD~100~N~      ~ 
MERGE~SP40K04833~1~DETAIL~N~N~Y~N~N~N~Y~N~Y~Y~ ~ ~     ~ ~ ~SGPART~PUBS SWSG DE~LIPC~DETAIL~ADD~100~N~      ~ 
MERGE~SP40K04860~1~DETAIL~N~N~Y~N~N~N~Y~N~Y~Y~ ~ ~     ~ ~ ~SGPART~PUBS SWSG IT~LIPC~DETAIL~ADD~100~N~      ~ 
MERGE~SP40K04861~1~DETAIL~N~N~Y~N~N~N~Y~N~Y~Y~ ~ ~     ~ ~ ~SGPART~PUBS SWSG NL~LIPC~DETAIL~ADD~100~N~      ~ 
KITTING~SR60E38222~2~DETAIL~N~N~Y~N~N~N~N~N~Y~Y~ ~ ~     ~ ~ ~NB-LCD OTHERS~RUBBER Mic Rubber Camera / Sinto~LIPC~DETAIL~ADD~100~N~      ~ 
KITTING~SS10D74645~4~DETAIL~N~N~Y~N~N~N~N~N~Y~Y~ ~ ~     ~ ~ ~SCREW~SCREW Screw M2.0xL2 (FINE THREAD~~DETAIL~ADD~100~N~      ~ 
KITTING~SSB0E50236~1~DETAIL~N~N~Y~N~N~N~N~N~Y~Y~ ~ ~     ~ ~ ~NB-SPEAKER~SPEAKERINT Speaker ASM / ONKYO~LIPC~DETAIL~ADD~100~N~      ~ 
KITTING~SSS0L24689~1~DETAIL~N~Y~Y~N~Y~N~Y~N~Y~Y~Y~P~D1CM ~N~ ~HARDFILE~SSD SAN X400 M.2 2280 256G OPAL~NOT_AVAILABLE~DETAIL~ADD~100~Y~ZZ    ~Y
KITTING~SSS0L24689~1~DETAIL~N~Y~Y~N~Y~N~Y~N~Y~Y~Y~P~D1MY ~N~ ~HARDFILE~SSD SAN X400 M.2 2280 256G OPAL~NOT_AVAILABLE~DETAIL~ADD~100~Y~ZZ    ~Y
KITTING~SSW0F97025~1~DETAIL~N~N~Y~N~N~N~N~N~Y~Y~ ~ ~     ~ ~ ~SOFTWARE~SOFTWARE Win7 - Pro 64 EMEA [EN ~LIPC~DETAIL~ADD~100~N~      ~ 
KITTING~SSW0H63164~1~DETAIL~N~N~Y~N~N~N~N~N~Y~Y~ ~ ~     ~ ~ ~SOFTWARE~SOFTWARE CLS-PM ThorpeLI SW BOM~LIPC~DETAIL~ADD~100~N~      ~ 
KITTING~SSW0H94166~1~DETAIL~N~N~Y~N~N~N~N~N~Y~Y~ ~ ~     ~ ~ ~SOFTWARE~SOFTWARE Softex fingerprint soft~LIPC~DETAIL~ADD~100~N~      ~ 
KITTING~SW10H24534~1~DETAIL~N~Y~Y~N~Y~N~Y~N~Y~Y~Y~P~T1SS ~N~ ~WLAN~WIRELESS Intel 8260 Mid-Power Vp~NOT_AVAILABLE~DETAIL~ADD~100~Y~ZZ    ~Y
KITTING~SW10H24534~1~DETAIL~N~Y~Y~N~Y~N~Y~N~Y~Y~Y~P~T1SA ~N~ ~WLAN~WIRELESS Intel 8260 Mid-Power Vp~NOT_AVAILABLE~DETAIL~ADD~100~Y~ZZ    ~Y
KITTING~TH1LCD3~1~GROUPBOM~N~Y~Y~N~Y~N~Y~N~Y~Y~Y~P~L1HN ~N~ ~LCD TEPART~T460s 14.0FHD Touch~*~DETAIL~ADD~100~Y~*     ~Y
KITTING~TH1LCD3~1~GROUPBOM~N~Y~Y~N~Y~N~Y~N~Y~Y~Y~P~L2HN ~N~ ~LCD TEPART~T460s 14.0FHD Touch~NOT_AVAILABLE~DETAIL~ADD~100~Y~ZZ    ~Y
KITTING~TH1LCD3~1~GROUPBOM~N~Y~Y~N~Y~N~Y~N~Y~Y~Y~P~L1SN ~N~ ~LCD TEPART~T460s 14.0FHD Touch~*~DETAIL~ADD~100~Y~*     ~Y
KITTING~THSECUR~1~DETAIL~N~Y~Y~N~N~N~Y~N~Y~Y~Y~Z~1ZTHP~N~ ~DEFAULT~TE PART FOR THORPE SECURE~NOT_AVAILABLE~DETAIL~ADD~100~Y~ZZ    ~Y
