
ListReload OK!2017/7/7 0:23:15
ListReload OK!2017/7/7 0:23:37
ListReload OK!2017/8/24 17:47:30
ListReload OK!2017/9/13 17:39:05
ListReload OK!2018/5/11 17:54:40
ListReload OK!2019/5/15 16:32:40
ListReload OK!2020/1/3 16:04:10
ListReload OK!2020/1/3 16:27:43
ListReload OK!2020/1/3 16:29:28
ListReload OK!2020/1/5 21:04:29
ListReload OK!2020/1/6 16:29:09
ListReload OK!2020/1/6 16:30:38
ListReload OK!2020/1/6 16:31:49
ListReload OK!2020/1/6 16:33:32
ListReload OK!2020/1/6 16:34:58
ListReload OK!2020/1/6 16:38:46
ListReload OK!2020/1/6 星期一 下午 6:01:39
ListReload OK!2020/1/7 15:17:38
ListReload OK!2020/1/7 15:47:30
ListReload OK!2020/1/7 15:47:55
ListReload OK!2020/1/7 15:49:59
ListReload OK!2020/1/7 15:51:03
ListReload OK!2020/1/7 15:54:40
ListReload OK!2020/1/7 15:56:15
ListReload OK!2020/1/7 16:02:36
ListReload OK!2020/1/7 16:09:09
ListReload OK!2020/1/7 16:14:50
ListReload OK!2020/1/8 17:44:22
ListReload OK!2020/1/9 19:01:38
ListReload OK!2020/1/9 19:05:04
ListReload OK!2020/1/9 19:07:17
ListReload OK!2020/1/9 19:16:03
ListReload OK!2020/1/9 19:18:53
ListReload OK!2020/1/9 19:19:47
ListReload OK!2020/1/9 19:20:39
ListReload OK!2020/1/14 13:59:49
ListReload OK!2020/1/14 14:10:52
ListReload OK!2020/1/14 14:21:32
ListReload OK!2020/1/14 星期二 下午 2:38:08
ListReload OK!2020/1/15 15:12:03
ListReload OK!2020/1/15 15:14:59
ListReload OK!2020/1/15 15:28:38
ListReload OK!2020/1/15 15:32:36
ListReload OK!2020/1/15 15:39:52
ListReload OK!2020/1/15 16:25:01
ListReload OK!2020/1/15 16:30:11
ListReload OK!2020/1/15 16:33:18
ListReload OK!2020/1/15 星期三 下午 5:30:22
ListReload OK!2020/1/15 星期三 下午 5:33:44
ListReload OK!2020/1/15 17:47:26
ListReload OK!2020/1/16 9:20:35
ListReload OK!2020/1/16 11:26:09
ListReload OK!2020/1/16 11:31:42
ListReload OK!2020-01-16 11:34:42
ListReload OK!2020/1/16 11:39:34
ListReload OK!2020-01-16 11:39:52
ListReload OK!2020-01-16 11:41:22
ListReload OK!2020/1/16 12:52:06
ListReload OK!2020/1/16 12:52:17