2017/8/10 23:15:55=>C:\Users\wanshan\Desktop\MyCode\设备监控\设备监控0811\包装后段测试\bin\Debug
2017/8/10 23:18:23=>C:\Users\wanshan\Desktop\MyCode\设备监控\设备监控0811\包装后段测试\bin\Debug
2017/8/10 23:20:13=>C:\Users\wanshan\Desktop\MyCode\设备监控\设备监控0811\包装后段测试\bin\Debug
2017/8/10 23:20:14=>API Open Success!
2017/8/10 23:20:18=>Gateway ID:1 failed to connected, status return :6
2017/8/10 23:20:22=>Gateway ID:5 failed to connected, status return :6
2017/8/10 23:21:49=>C:\Users\wanshan\Desktop\MyCode\设备监控\设备监控0811\包装后段测试\bin\Debug
2017/8/10 23:21:49=>API Open Success!
2017/8/10 23:21:54=>Gateway ID:1 failed to connected, status return :6
2017/8/10 23:21:57=>Gateway ID:5 failed to connected, status return :6
2017/8/10 23:30:28=>C:\Users\wanshan\Desktop\MyCode\设备监控\设备监控0811\包装后段测试\bin\Debug
2017/8/10 23:30:28=>API Open Success!
2017/8/10 23:30:32=>Gateway ID:1 failed to connected, status return :6
2017/8/10 23:30:36=>Gateway ID:5 failed to connected, status return :6
2017/8/10 23:32:05=>C:\Users\wanshan\Desktop\MyCode\设备监控\设备监控0811\包装后段测试\bin\Debug
2017/8/10 23:32:05=>API Open Success!
2017/8/10 23:32:09=>Gateway ID:1 failed to connected, status return :6
2017/8/10 23:32:13=>Gateway ID:5 failed to connected, status return :6
2017/8/10 23:34:44=>C:\Users\wanshan\Desktop\MyCode\设备监控\设备监控0811\包装后段测试\bin\Debug
2017/8/10 23:34:44=>API Open Success!
2017/8/10 23:34:48=>Gateway ID:1 failed to connected, status return :6
2017/8/10 23:34:52=>Gateway ID:5 failed to connected, status return :6
2017/8/10 23:41:36=>C:\Users\wanshan\Desktop\MyCode\设备监控\设备监控0811\包装后段测试\bin\Debug
2017/8/10 23:41:36=>API Open Success!
2017/8/10 23:41:37=>Gateway ID:1 success connected, status return :7
2017/8/10 23:41:41=>Gateway ID:5 failed to connected, status return :6
2017/8/10 23:51:19=>C:\Users\wanshan\Desktop\MyCode\设备监控\设备监控0811\包装后段测试\bin\Debug
2017/8/10 23:51:19=>API Open Success!
2017/8/10 23:51:23=>Gateway ID:1 success connected, status return :7
2017/8/10 23:51:26=>Gateway ID:5 failed to connected, status return :6
2017/8/10 23:58:02=>C:\Users\wanshan\Desktop\MyCode\设备监控\设备监控0811\包装后段测试\bin\Debug
2017/8/10 23:58:02=>API Open Success!
2017/8/10 23:58:04=>Gateway ID:1 success connected, status return :7
2017/8/10 23:58:07=>Gateway ID:5 failed to connected, status return :6
2017/8/11 22:04:35=>C:\Users\wanshan\Desktop\MyCode\设备监控\设备监控0811\包装后段测试\bin\Debug
2017/8/11 22:04:35=>API Open Success!
2017/8/11 22:04:38=>Gateway ID:1 success connected, status return :7
2017/8/11 22:04:41=>Gateway ID:5 failed to connected, status return :6
2017/8/11 22:04:41=>AT500 OPEN
2017/8/11 22:29:57=>C:\Users\wanshan\Desktop\MyCode\设备监控\设备监控0811\包装后段测试\bin\Debug
2017/8/11 22:29:57=>API Open Success!
2017/8/11 22:30:02=>Gateway ID:1 failed to connected, status return :6
2017/8/11 22:30:05=>Gateway ID:5 failed to connected, status return :6
2017/8/11 22:30:05=>AT500 OPEN
2017/8/11 22:30:19=>C:\Users\wanshan\Desktop\MyCode\设备监控\设备监控0811\包装后段测试\bin\Debug
2017/8/11 22:30:19=>API Open Success!
2017/8/11 22:30:21=>Gateway ID:1 success connected, status return :7
2017/8/11 22:30:24=>Gateway ID:5 failed to connected, status return :6
2017/8/11 22:30:24=>AT500 OPEN
2017/8/11 23:09:44=>C:\Users\wanshan\Desktop\MyCode\设备监控\设备监控0811\包装后段测试\bin\Debug
2017/8/11 23:09:44=>API Open Success!
2017/8/11 23:09:45=>Gateway ID:1 success connected, status return :7
2017/8/11 23:09:49=>Gateway ID:5 failed to connected, status return :6
2017/8/11 23:09:49=>AT500 OPEN
2017/8/11 23:12:46=>C:\Users\wanshan\Desktop\MyCode\设备监控\设备监控0811\包装后段测试\bin\Debug
2017/8/11 23:12:46=>API Open Success!
2017/8/11 23:12:48=>Gateway ID:1 success connected, status return :7
2017/8/11 23:12:51=>Gateway ID:5 failed to connected, status return :6
2017/8/11 23:12:51=>AT500 OPEN
2017/8/11 23:14:19=>C:\Users\wanshan\Desktop\MyCode\设备监控\设备监控0811\包装后段测试\bin\Debug
2017/8/11 23:14:19=>API Open Success!
2017/8/11 23:14:21=>Gateway ID:1 success connected, status return :7
2017/8/11 23:14:24=>Gateway ID:5 failed to connected, status return :6
2017/8/11 23:14:24=>AT500 OPEN
2017/8/11 23:19:10=>C:\Users\wanshan\Desktop\MyCode\设备监控\设备监控0811\包装后段测试\bin\Debug
2017/8/11 23:19:45=>API Open Success!
2017/8/11 23:21:02=>Gateway ID:1 success connected, status return :7
2017/8/11 23:21:25=>Gateway ID:5 failed to connected, status return :6
2017/8/11 23:22:14=>AT500 OPEN
2017/8/12 0:01:02=>C:\Users\wanshan\Desktop\MyCode\设备监控\设备监控0811\包装后段测试\bin\Debug
2017/8/12 0:01:02=>API Open Success!
2017/8/12 0:01:06=>Gateway ID:1 failed to connected, status return :6
2017/8/12 0:01:10=>Gateway ID:5 failed to connected, status return :6
2017/8/12 0:01:10=>AT500 OPEN
2017/8/12 0:01:49=>C:\Users\wanshan\Desktop\MyCode\设备监控\设备监控0811\包装后段测试\bin\Debug
2017/8/12 0:01:49=>API Open Success!
2017/8/12 0:01:51=>Gateway ID:1 success connected, status return :7
2017/8/12 0:01:54=>Gateway ID:5 failed to connected, status return :6
2017/8/12 0:01:54=>AT500 OPEN
2017/8/12 0:05:23=>C:\Users\wanshan\Desktop\MyCode\设备监控\设备监控0811\包装后段测试\bin\Debug
2017/8/12 0:05:23=>API Open Success!
2017/8/12 0:05:24=>Gateway ID:1 success connected, status return :7
2017/8/12 0:05:28=>Gateway ID:5 failed to connected, status return :6
2017/8/12 0:05:28=>AT500 OPEN
2017/8/12 0:10:07=>C:\Users\wanshan\Desktop\MyCode\设备监控\设备监控0811\包装后段测试\bin\Debug
2017/8/12 0:10:07=>API Open Success!
2017/8/12 0:10:08=>Gateway ID:1 success connected, status return :7
2017/8/12 0:10:12=>Gateway ID:5 failed to connected, status return :6
2017/8/12 0:10:12=>AT500 OPEN
2017/8/12 0:16:06=>C:\Users\wanshan\Desktop\MyCode\设备监控\设备监控0811\包装后段测试\bin\Debug
2017/8/12 0:16:06=>API Open Success!
2017/8/12 0:16:09=>Gateway ID:1 success connected, status return :7
2017/8/12 0:16:13=>Gateway ID:5 failed to connected, status return :6
2017/8/12 0:16:13=>AT500 OPEN
2017/8/12 1:19:16=>C:\Users\wanshan\Desktop\MyCode\设备监控\设备监控0811\包装后段测试\bin\Debug
2017/8/12 1:19:16=>API Open Success!
2017/8/12 1:19:17=>Gateway ID:1 success connected, status return :7
2017/8/12 1:19:21=>Gateway ID:5 failed to connected, status return :6
2017/8/12 1:19:21=>AT500 OPEN
2017/8/12 1:19:21=>AB_GW_Status(0)=7
2017/8/12 1:19:21=>AB_Tag_RcvMsg()=0
